
********build flow************
/home/fabrice/miniconda3/envs/gdrnet/lib/python3.9/site-packages/setuptools/__init__.py:84: _DeprecatedInstaller: setuptools.installer and fetch_build_eggs are deprecated.
!!

        ********************************************************************************
        Requirements should be satisfied by a PEP 517 installer.
        If you are using pip, you can try `pip install --use-pep517`.
        ********************************************************************************

!!
  dist.fetch_build_eggs(dist.setup_requires)
running build_ext
building '..flow_cuda' extension
creating /mnt/data/fabrice/gdrnpp_bop2022_f1/core/csrc/flow/build
creating /mnt/data/fabrice/gdrnpp_bop2022_f1/core/csrc/flow/build/temp.linux-x86_64-cpython-39
creating /mnt/data/fabrice/gdrnpp_bop2022_f1/core/csrc/flow/build/temp.linux-x86_64-cpython-39/src
Emitting ninja build file /mnt/data/fabrice/gdrnpp_bop2022_f1/core/csrc/flow/build/temp.linux-x86_64-cpython-39/build.ninja...
Compiling objects...
Allowing ninja to set a default number of workers... (overridable by setting the environment variable MAX_JOBS=N)
[1/2] /home/fabrice/miniconda3/envs/gdrnet/bin/nvcc  -I/home/fabrice/miniconda3/envs/gdrnet/lib/python3.9/site-packages/torch/include -I/home/fabrice/miniconda3/envs/gdrnet/lib/python3.9/site-packages/torch/include/torch/csrc/api/include -I/home/fabrice/miniconda3/envs/gdrnet/lib/python3.9/site-packages/torch/include/TH -I/home/fabrice/miniconda3/envs/gdrnet/lib/python3.9/site-packages/torch/include/THC -I/home/fabrice/miniconda3/envs/gdrnet/include -I/home/fabrice/miniconda3/envs/gdrnet/include/python3.9 -c -c /mnt/data/fabrice/gdrnpp_bop2022_f1/core/csrc/flow/src/flow_cuda_kernel.cu -o /mnt/data/fabrice/gdrnpp_bop2022_f1/core/csrc/flow/build/temp.linux-x86_64-cpython-39/src/flow_cuda_kernel.o -D__CUDA_NO_HALF_OPERATORS__ -D__CUDA_NO_HALF_CONVERSIONS__ -D__CUDA_NO_BFLOAT16_CONVERSIONS__ -D__CUDA_NO_HALF2_OPERATORS__ --expt-relaxed-constexpr --compiler-options ''"'"'-fPIC'"'"'' -D__CUDA_NO_HALF_OPERATORS__ -D__CUDA_NO_HALF_CONVERSIONS__ -D__CUDA_NO_HALF2_OPERATORS__ -DTORCH_API_INCLUDE_EXTENSION_H '-DPYBIND11_COMPILER_TYPE="_gcc"' '-DPYBIND11_STDLIB="_libstdcpp"' '-DPYBIND11_BUILD_ABI="_cxxabi1011"' -DTORCH_EXTENSION_NAME=flow_cuda -D_GLIBCXX_USE_CXX11_ABI=0 -gencode=arch=compute_86,code=compute_86 -gencode=arch=compute_86,code=sm_86 -std=c++14
FAILED: /mnt/data/fabrice/gdrnpp_bop2022_f1/core/csrc/flow/build/temp.linux-x86_64-cpython-39/src/flow_cuda_kernel.o 
/home/fabrice/miniconda3/envs/gdrnet/bin/nvcc  -I/home/fabrice/miniconda3/envs/gdrnet/lib/python3.9/site-packages/torch/include -I/home/fabrice/miniconda3/envs/gdrnet/lib/python3.9/site-packages/torch/include/torch/csrc/api/include -I/home/fabrice/miniconda3/envs/gdrnet/lib/python3.9/site-packages/torch/include/TH -I/home/fabrice/miniconda3/envs/gdrnet/lib/python3.9/site-packages/torch/include/THC -I/home/fabrice/miniconda3/envs/gdrnet/include -I/home/fabrice/miniconda3/envs/gdrnet/include/python3.9 -c -c /mnt/data/fabrice/gdrnpp_bop2022_f1/core/csrc/flow/src/flow_cuda_kernel.cu -o /mnt/data/fabrice/gdrnpp_bop2022_f1/core/csrc/flow/build/temp.linux-x86_64-cpython-39/src/flow_cuda_kernel.o -D__CUDA_NO_HALF_OPERATORS__ -D__CUDA_NO_HALF_CONVERSIONS__ -D__CUDA_NO_BFLOAT16_CONVERSIONS__ -D__CUDA_NO_HALF2_OPERATORS__ --expt-relaxed-constexpr --compiler-options ''"'"'-fPIC'"'"'' -D__CUDA_NO_HALF_OPERATORS__ -D__CUDA_NO_HALF_CONVERSIONS__ -D__CUDA_NO_HALF2_OPERATORS__ -DTORCH_API_INCLUDE_EXTENSION_H '-DPYBIND11_COMPILER_TYPE="_gcc"' '-DPYBIND11_STDLIB="_libstdcpp"' '-DPYBIND11_BUILD_ABI="_cxxabi1011"' -DTORCH_EXTENSION_NAME=flow_cuda -D_GLIBCXX_USE_CXX11_ABI=0 -gencode=arch=compute_86,code=compute_86 -gencode=arch=compute_86,code=sm_86 -std=c++14
In file included from /mnt/data/fabrice/gdrnpp_bop2022_f1/core/csrc/flow/src/flow_cuda_kernel.cu:2:
/home/fabrice/miniconda3/envs/gdrnet/lib/python3.9/site-packages/torch/include/ATen/cuda/CUDAContext.h:10:10: fatal error: cusolverDn.h: No such file or directory
   10 | #include <cusolverDn.h>
      |          ^~~~~~~~~~~~~~
compilation terminated.
[2/2] c++ -MMD -MF /mnt/data/fabrice/gdrnpp_bop2022_f1/core/csrc/flow/build/temp.linux-x86_64-cpython-39/src/flow_cuda.o.d -pthread -B /home/fabrice/miniconda3/envs/gdrnet/compiler_compat -Wno-unused-result -Wsign-compare -DNDEBUG -O2 -Wall -fPIC -O2 -isystem /home/fabrice/miniconda3/envs/gdrnet/include -I/home/fabrice/miniconda3/envs/gdrnet/include -fPIC -O2 -isystem /home/fabrice/miniconda3/envs/gdrnet/include -fPIC -I/home/fabrice/miniconda3/envs/gdrnet/lib/python3.9/site-packages/torch/include -I/home/fabrice/miniconda3/envs/gdrnet/lib/python3.9/site-packages/torch/include/torch/csrc/api/include -I/home/fabrice/miniconda3/envs/gdrnet/lib/python3.9/site-packages/torch/include/TH -I/home/fabrice/miniconda3/envs/gdrnet/lib/python3.9/site-packages/torch/include/THC -I/home/fabrice/miniconda3/envs/gdrnet/include -I/home/fabrice/miniconda3/envs/gdrnet/include/python3.9 -c -c /mnt/data/fabrice/gdrnpp_bop2022_f1/core/csrc/flow/src/flow_cuda.cpp -o /mnt/data/fabrice/gdrnpp_bop2022_f1/core/csrc/flow/build/temp.linux-x86_64-cpython-39/src/flow_cuda.o -DTORCH_API_INCLUDE_EXTENSION_H '-DPYBIND11_COMPILER_TYPE="_gcc"' '-DPYBIND11_STDLIB="_libstdcpp"' '-DPYBIND11_BUILD_ABI="_cxxabi1011"' -DTORCH_EXTENSION_NAME=flow_cuda -D_GLIBCXX_USE_CXX11_ABI=0 -std=c++14
ninja: build stopped: subcommand failed.
Traceback (most recent call last):
  File "/home/fabrice/miniconda3/envs/gdrnet/lib/python3.9/site-packages/torch/utils/cpp_extension.py", line 1900, in _run_ninja_build
    subprocess.run(
  File "/home/fabrice/miniconda3/envs/gdrnet/lib/python3.9/subprocess.py", line 528, in run
    raise CalledProcessError(retcode, process.args,
subprocess.CalledProcessError: Command '['ninja', '-v']' returned non-zero exit status 1.

The above exception was the direct cause of the following exception:

Traceback (most recent call last):
  File "/mnt/data/fabrice/gdrnpp_bop2022_f1/core/csrc/flow/setup.py", line 64, in <module>
    setup(
  File "/home/fabrice/miniconda3/envs/gdrnet/lib/python3.9/site-packages/setuptools/__init__.py", line 107, in setup
    return distutils.core.setup(**attrs)
  File "/home/fabrice/miniconda3/envs/gdrnet/lib/python3.9/site-packages/setuptools/_distutils/core.py", line 185, in setup
    return run_commands(dist)
  File "/home/fabrice/miniconda3/envs/gdrnet/lib/python3.9/site-packages/setuptools/_distutils/core.py", line 201, in run_commands
    dist.run_commands()
  File "/home/fabrice/miniconda3/envs/gdrnet/lib/python3.9/site-packages/setuptools/_distutils/dist.py", line 969, in run_commands
    self.run_command(cmd)
  File "/home/fabrice/miniconda3/envs/gdrnet/lib/python3.9/site-packages/setuptools/dist.py", line 1234, in run_command
    super().run_command(command)
  File "/home/fabrice/miniconda3/envs/gdrnet/lib/python3.9/site-packages/setuptools/_distutils/dist.py", line 988, in run_command
    cmd_obj.run()
  File "/home/fabrice/miniconda3/envs/gdrnet/lib/python3.9/site-packages/setuptools/command/build_ext.py", line 84, in run
    _build_ext.run(self)
  File "/home/fabrice/miniconda3/envs/gdrnet/lib/python3.9/site-packages/setuptools/_distutils/command/build_ext.py", line 345, in run
    self.build_extensions()
  File "/home/fabrice/miniconda3/envs/gdrnet/lib/python3.9/site-packages/torch/utils/cpp_extension.py", line 843, in build_extensions
    build_ext.build_extensions(self)
  File "/home/fabrice/miniconda3/envs/gdrnet/lib/python3.9/site-packages/setuptools/_distutils/command/build_ext.py", line 467, in build_extensions
    self._build_extensions_serial()
  File "/home/fabrice/miniconda3/envs/gdrnet/lib/python3.9/site-packages/setuptools/_distutils/command/build_ext.py", line 493, in _build_extensions_serial
    self.build_extension(ext)
  File "/home/fabrice/miniconda3/envs/gdrnet/lib/python3.9/site-packages/setuptools/command/build_ext.py", line 246, in build_extension
    _build_ext.build_extension(self, ext)
  File "/home/fabrice/miniconda3/envs/gdrnet/lib/python3.9/site-packages/Cython/Distutils/build_ext.py", line 127, in build_extension
    super(build_ext, self).build_extension(ext)
  File "/home/fabrice/miniconda3/envs/gdrnet/lib/python3.9/site-packages/setuptools/_distutils/command/build_ext.py", line 548, in build_extension
    objects = self.compiler.compile(
  File "/home/fabrice/miniconda3/envs/gdrnet/lib/python3.9/site-packages/torch/utils/cpp_extension.py", line 658, in unix_wrap_ninja_compile
    _write_ninja_file_and_compile_objects(
  File "/home/fabrice/miniconda3/envs/gdrnet/lib/python3.9/site-packages/torch/utils/cpp_extension.py", line 1573, in _write_ninja_file_and_compile_objects
    _run_ninja_build(
  File "/home/fabrice/miniconda3/envs/gdrnet/lib/python3.9/site-packages/torch/utils/cpp_extension.py", line 1916, in _run_ninja_build
    raise RuntimeError(message) from e
RuntimeError: Error compiling objects for extension
